# JRE version: OpenJDK Runtime Environment (8.0_372-b07) (build 1.8.0_372-b07)
# Java VM: OpenJDK 64-Bit Server VM (25.372-b07 mixed mode linux-amd64 compressed oops)
Heap:
 PSYoungGen      total 138240K, used 2K [0x00000000f5580000, 0x00000000fde80000, 0x0000000100000000)
  eden space 136192K, 0% used [0x00000000f5580000,0x00000000f5580810,0x00000000fda80000)
  from space 2048K, 0% used [0x00000000fdc80000,0x00000000fdc80000,0x00000000fde80000)
  to   space 2048K, 0% used [0x00000000fda80000,0x00000000fda80000,0x00000000fdc80000)
 ParOldGen       total 343040K, used 16017K [0x00000000e0000000, 0x00000000f4f00000, 0x00000000f5580000)
  object space 343040K, 4% used [0x00000000e0000000,0x00000000e0fa44a8,0x00000000f4f00000)
 Metaspace       used 16510K, capacity 16664K, committed 16896K, reserved 1064960K
  class space    used 1912K, capacity 2011K, committed 2048K, reserved 1048576K
GC Heap History (10 events):
Event: 744.365 GC heap before
{Heap before GC invocations=290 (full 14):
 PSYoungGen      total 138240K, used 32K [0x00000000f5580000, 0x00000000fde80000, 0x0000000100000000)
  eden space 136192K, 0% used [0x00000000f5580000,0x00000000f5580000,0x00000000fda80000)
  from space 2048K, 1% used [0x00000000fdc80000,0x00000000fdc88000,0x00000000fde80000)
  to   space 2048K, 0% used [0x00000000fda80000,0x00000000fda80000,0x00000000fdc80000)
 ParOldGen       total 343040K, used 16017K [0x00000000e0000000, 0x00000000f4f00000, 0x00000000f5580000)
  object space 343040K, 4% used [0x00000000e0000000,0x00000000e0fa44a8,0x00000000f4f00000)
 Metaspace       used 16510K, capacity 16664K, committed 16896K, reserved 1064960K
  class space    used 1912K, capacity 2011K, committed 2048K, reserved 1048576K
Event: 744.382 GC heap after
Heap after GC invocations=290 (full 14):
 PSYoungGen      total 138240K, used 0K [0x00000000f5580000, 0x00000000fde80000, 0x0000000100000000)
  eden space 136192K, 0% used [0x00000000f5580000,0x00000000f5580000,0x00000000fda80000)
  from space 2048K, 0% used [0x00000000fdc80000,0x00000000fdc80000,0x00000000fde80000)
  to   space 2048K, 0% used [0x00000000fda80000,0x00000000fda80000,0x00000000fdc80000)
 ParOldGen       total 343040K, used 16017K [0x00000000e0000000, 0x00000000f4f00000, 0x00000000f5580000)
  object space 343040K, 4% used [0x00000000e0000000,0x00000000e0fa44a8,0x00000000f4f00000)
 Metaspace       used 16510K, capacity 16664K, committed 16896K, reserved 1064960K
  class space    used 1912K, capacity 2011K, committed 2048K, reserved 1048576K
}
Event: 744.672 GC heap before
{Heap before GC invocations=291 (full 14):
 PSYoungGen      total 138240K, used 2K [0x00000000f5580000, 0x00000000fde80000, 0x0000000100000000)
  eden space 136192K, 0% used [0x00000000f5580000,0x00000000f5580810,0x00000000fda80000)
  from space 2048K, 0% used [0x00000000fdc80000,0x00000000fdc80000,0x00000000fde80000)
  to   space 2048K, 0% used [0x00000000fda80000,0x00000000fda80000,0x00000000fdc80000)
 ParOldGen       total 343040K, used 16017K [0x00000000e0000000, 0x00000000f4f00000, 0x00000000f5580000)
  object space 343040K, 4% used [0x00000000e0000000,0x00000000e0fa44a8,0x00000000f4f00000)
 Metaspace       used 16510K, capacity 16664K, committed 16896K, reserved 1064960K
  class space    used 1912K, capacity 2011K, committed 2048K, reserved 1048576K
Event: 744.673 GC heap after
Heap after GC invocations=291 (full 14):
 PSYoungGen      total 138240K, used 32K [0x00000000f5580000, 0x00000000fde80000, 0x0000000100000000)
  eden space 136192K, 0% used [0x00000000f5580000,0x00000000f5580000,0x00000000fda80000)
  from space 2048K, 1% used [0x00000000fda80000,0x00000000fda88000,0x00000000fdc80000)
  to   space 2048K, 0% used [0x00000000fdc80000,0x00000000fdc80000,0x00000000fde80000)
 ParOldGen       total 343040K, used 16017K [0x00000000e0000000, 0x00000000f4f00000, 0x00000000f5580000)
  object space 343040K, 4% used [0x00000000e0000000,0x00000000e0fa44a8,0x00000000f4f00000)
 Metaspace       used 16510K, capacity 16664K, committed 16896K, reserved 1064960K
  class space    used 1912K, capacity 2011K, committed 2048K, reserved 1048576K
}
Event: 744.673 GC heap before
{Heap before GC invocations=292 (full 15):
 PSYoungGen      total 138240K, used 32K [0x00000000f5580000, 0x00000000fde80000, 0x0000000100000000)
  eden space 136192K, 0% used [0x00000000f5580000,0x00000000f5580000,0x00000000fda80000)
  from space 2048K, 1% used [0x00000000fda80000,0x00000000fda88000,0x00000000fdc80000)
  to   space 2048K, 0% used [0x00000000fdc80000,0x00000000fdc80000,0x00000000fde80000)
 ParOldGen       total 343040K, used 16017K [0x00000000e0000000, 0x00000000f4f00000, 0x00000000f5580000)
  object space 343040K, 4% used [0x00000000e0000000,0x00000000e0fa44a8,0x00000000f4f00000)
 Metaspace       used 16510K, capacity 16664K, committed 16896K, reserved 1064960K
  class space    used 1912K, capacity 2011K, committed 2048K, reserved 1048576K
Event: 744.691 GC heap after
Heap after GC invocations=292 (full 15):
 PSYoungGen      total 138240K, used 0K [0x00000000f5580000, 0x00000000fde80000, 0x0000000100000000)
  eden space 136192K, 0% used [0x00000000f5580000,0x00000000f5580000,0x00000000fda80000)
  from space 2048K, 0% used [0x00000000fda80000,0x00000000fda80000,0x00000000fdc80000)
  to   space 2048K, 0% used [0x00000000fdc80000,0x00000000fdc80000,0x00000000fde80000)
 ParOldGen       total 343040K, used 16017K [0x00000000e0000000, 0x00000000f4f00000, 0x00000000f5580000)
  object space 343040K, 4% used [0x00000000e0000000,0x00000000e0fa44a8,0x00000000f4f00000)
 Metaspace       used 16510K, capacity 16664K, committed 16896K, reserved 1064960K
  class space    used 1912K, capacity 2011K, committed 2048K, reserved 1048576K
}
Event: 760.831 GC heap before
{Heap before GC invocations=293 (full 15):
 PSYoungGen      total 138240K, used 2K [0x00000000f5580000, 0x00000000fde80000, 0x0000000100000000)
  eden space 136192K, 0% used [0x00000000f5580000,0x00000000f5580810,0x00000000fda80000)
  from space 2048K, 0% used [0x00000000fda80000,0x00000000fda80000,0x00000000fdc80000)
  to   space 2048K, 0% used [0x00000000fdc80000,0x00000000fdc80000,0x00000000fde80000)
 ParOldGen       total 343040K, used 16017K [0x00000000e0000000, 0x00000000f4f00000, 0x00000000f5580000)
  object space 343040K, 4% used [0x00000000e0000000,0x00000000e0fa44a8,0x00000000f4f00000)
 Metaspace       used 16510K, capacity 16664K, committed 16896K, reserved 1064960K
  class space    used 1912K, capacity 2011K, committed 2048K, reserved 1048576K
Event: 760.832 GC heap after
Heap after GC invocations=293 (full 15):
 PSYoungGen      total 138240K, used 32K [0x00000000f5580000, 0x00000000fde80000, 0x0000000100000000)
  eden space 136192K, 0% used [0x00000000f5580000,0x00000000f5580000,0x00000000fda80000)
  from space 2048K, 1% used [0x00000000fdc80000,0x00000000fdc88000,0x00000000fde80000)
  to   space 2048K, 0% used [0x00000000fda80000,0x00000000fda80000,0x00000000fdc80000)
 ParOldGen       total 343040K, used 16017K [0x00000000e0000000, 0x00000000f4f00000, 0x00000000f5580000)
  object space 343040K, 4% used [0x00000000e0000000,0x00000000e0fa44a8,0x00000000f4f00000)
 Metaspace       used 16510K, capacity 16664K, committed 16896K, reserved 1064960K
  class space    used 1912K, capacity 2011K, committed 2048K, reserved 1048576K
}
Event: 760.832 GC heap before
{Heap before GC invocations=294 (full 16):
 PSYoungGen      total 138240K, used 32K [0x00000000f5580000, 0x00000000fde80000, 0x0000000100000000)
  eden space 136192K, 0% used [0x00000000f5580000,0x00000000f5580000,0x00000000fda80000)
  from space 2048K, 1% used [0x00000000fdc80000,0x00000000fdc88000,0x00000000fde80000)
  to   space 2048K, 0% used [0x00000000fda80000,0x00000000fda80000,0x00000000fdc80000)
 ParOldGen       total 343040K, used 16017K [0x00000000e0000000, 0x00000000f4f00000, 0x00000000f5580000)
  object space 343040K, 4% used [0x00000000e0000000,0x00000000e0fa44a8,0x00000000f4f00000)
 Metaspace       used 16510K, capacity 16664K, committed 16896K, reserved 1064960K
  class space    used 1912K, capacity 2011K, committed 2048K, reserved 1048576K
Event: 760.849 GC heap after
Heap after GC invocations=294 (full 16):
 PSYoungGen      total 138240K, used 0K [0x00000000f5580000, 0x00000000fde80000, 0x0000000100000000)
  eden space 136192K, 0% used [0x00000000f5580000,0x00000000f5580000,0x00000000fda80000)
  from space 2048K, 0% used [0x00000000fdc80000,0x00000000fdc80000,0x00000000fde80000)
  to   space 2048K, 0% used [0x00000000fda80000,0x00000000fda80000,0x00000000fdc80000)
 ParOldGen       total 343040K, used 16017K [0x00000000e0000000, 0x00000000f4f00000, 0x00000000f5580000)
  object space 343040K, 4% used [0x00000000e0000000,0x00000000e0fa44a8,0x00000000f4f00000)
 Metaspace       used 16510K, capacity 16664K, committed 16896K, reserved 1064960K
  class space    used 1912K, capacity 2011K, committed 2048K, reserved 1048576K
}

