# JRE version: OpenJDK Runtime Environment (Red_Hat-17.0.7.0.7-4.fc38) (17.0.7+7) (build 17.0.7+7)
# Java VM: OpenJDK 64-Bit Server VM (Red_Hat-17.0.7.0.7-4.fc38) (17.0.7+7, mixed mode, sharing, tiered, compressed oops, compressed class ptrs, g1 gc, linux-amd64)
GC Precious Log:
 CPUs: 16 total, 16 available
 Memory: 15649M
 Large Page Support: Disabled
 NUMA Support: Disabled
 Compressed Oops: Enabled (32-bit)
 Heap Region Size: 1M
 Heap Min Capacity: 8M
 Heap Initial Capacity: 246M
 Heap Max Capacity: 512M
 Pre-touch: Disabled
 Parallel Workers: 13
 Concurrent Workers: 3
 Concurrent Refinement Workers: 13
 Periodic GC: Disabled
Heap:
 garbage-first heap   total 109568K, used 33660K [0x00000000e0000000, 0x0000000100000000)
  region size 1024K, 4 young (4096K), 1 survivors (1024K)
 Metaspace       used 14328K, committed 14528K, reserved 1114112K
  class space    used 1562K, committed 1664K, reserved 1048576K
GC Heap History (20 events):
Event: 39.721 GC heap before
{Heap before GC invocations=674 (full 4):
 garbage-first heap   total 109568K, used 62332K [0x00000000e0000000, 0x0000000100000000)
  region size 1024K, 20 young (20480K), 1 survivors (1024K)
 Metaspace       used 14318K, committed 14464K, reserved 1114112K
  class space    used 1562K, committed 1664K, reserved 1048576K
}
Event: 39.722 GC heap after
{Heap after GC invocations=675 (full 4):
 garbage-first heap   total 109568K, used 30588K [0x00000000e0000000, 0x0000000100000000)
  region size 1024K, 1 young (1024K), 1 survivors (1024K)
 Metaspace       used 14318K, committed 14464K, reserved 1114112K
  class space    used 1562K, committed 1664K, reserved 1048576K
}
Event: 39.764 GC heap before
{Heap before GC invocations=675 (full 4):
 garbage-first heap   total 109568K, used 62332K [0x00000000e0000000, 0x0000000100000000)
  region size 1024K, 20 young (20480K), 1 survivors (1024K)
 Metaspace       used 14318K, committed 14464K, reserved 1114112K
  class space    used 1562K, committed 1664K, reserved 1048576K
}
Event: 39.765 GC heap after
{Heap after GC invocations=676 (full 4):
 garbage-first heap   total 109568K, used 30588K [0x00000000e0000000, 0x0000000100000000)
  region size 1024K, 1 young (1024K), 1 survivors (1024K)
 Metaspace       used 14318K, committed 14464K, reserved 1114112K
  class space    used 1562K, committed 1664K, reserved 1048576K
}
Event: 39.807 GC heap before
{Heap before GC invocations=676 (full 4):
 garbage-first heap   total 109568K, used 62332K [0x00000000e0000000, 0x0000000100000000)
  region size 1024K, 20 young (20480K), 1 survivors (1024K)
 Metaspace       used 14318K, committed 14464K, reserved 1114112K
  class space    used 1562K, committed 1664K, reserved 1048576K
}
Event: 39.808 GC heap after
{Heap after GC invocations=677 (full 4):
 garbage-first heap   total 109568K, used 30588K [0x00000000e0000000, 0x0000000100000000)
  region size 1024K, 1 young (1024K), 1 survivors (1024K)
 Metaspace       used 14318K, committed 14464K, reserved 1114112K
  class space    used 1562K, committed 1664K, reserved 1048576K
}
Event: 39.854 GC heap before
{Heap before GC invocations=677 (full 4):
 garbage-first heap   total 109568K, used 62332K [0x00000000e0000000, 0x0000000100000000)
  region size 1024K, 20 young (20480K), 1 survivors (1024K)
 Metaspace       used 14318K, committed 14464K, reserved 1114112K
  class space    used 1562K, committed 1664K, reserved 1048576K
}
Event: 39.855 GC heap after
{Heap after GC invocations=678 (full 4):
 garbage-first heap   total 109568K, used 30588K [0x00000000e0000000, 0x0000000100000000)
  region size 1024K, 1 young (1024K), 1 survivors (1024K)
 Metaspace       used 14318K, committed 14464K, reserved 1114112K
  class space    used 1562K, committed 1664K, reserved 1048576K
}
Event: 39.902 GC heap before
{Heap before GC invocations=678 (full 4):
 garbage-first heap   total 109568K, used 62332K [0x00000000e0000000, 0x0000000100000000)
  region size 1024K, 20 young (20480K), 1 survivors (1024K)
 Metaspace       used 14318K, committed 14464K, reserved 1114112K
  class space    used 1562K, committed 1664K, reserved 1048576K
}
Event: 39.903 GC heap after
{Heap after GC invocations=679 (full 4):
 garbage-first heap   total 109568K, used 30588K [0x00000000e0000000, 0x0000000100000000)
  region size 1024K, 1 young (1024K), 1 survivors (1024K)
 Metaspace       used 14318K, committed 14464K, reserved 1114112K
  class space    used 1562K, committed 1664K, reserved 1048576K
}
Event: 39.945 GC heap before
{Heap before GC invocations=679 (full 4):
 garbage-first heap   total 109568K, used 62332K [0x00000000e0000000, 0x0000000100000000)
  region size 1024K, 20 young (20480K), 1 survivors (1024K)
 Metaspace       used 14318K, committed 14464K, reserved 1114112K
  class space    used 1562K, committed 1664K, reserved 1048576K
}
Event: 39.946 GC heap after
{Heap after GC invocations=680 (full 4):
 garbage-first heap   total 109568K, used 30588K [0x00000000e0000000, 0x0000000100000000)
  region size 1024K, 1 young (1024K), 1 survivors (1024K)
 Metaspace       used 14318K, committed 14464K, reserved 1114112K
  class space    used 1562K, committed 1664K, reserved 1048576K
}
Event: 39.987 GC heap before
{Heap before GC invocations=680 (full 4):
 garbage-first heap   total 109568K, used 62332K [0x00000000e0000000, 0x0000000100000000)
  region size 1024K, 20 young (20480K), 1 survivors (1024K)
 Metaspace       used 14318K, committed 14464K, reserved 1114112K
  class space    used 1562K, committed 1664K, reserved 1048576K
}
Event: 39.989 GC heap after
{Heap after GC invocations=681 (full 4):
 garbage-first heap   total 109568K, used 30588K [0x00000000e0000000, 0x0000000100000000)
  region size 1024K, 1 young (1024K), 1 survivors (1024K)
 Metaspace       used 14318K, committed 14464K, reserved 1114112K
  class space    used 1562K, committed 1664K, reserved 1048576K
}
Event: 40.030 GC heap before
{Heap before GC invocations=681 (full 4):
 garbage-first heap   total 109568K, used 62332K [0x00000000e0000000, 0x0000000100000000)
  region size 1024K, 20 young (20480K), 1 survivors (1024K)
 Metaspace       used 14318K, committed 14464K, reserved 1114112K
  class space    used 1562K, committed 1664K, reserved 1048576K
}
Event: 40.031 GC heap after
{Heap after GC invocations=682 (full 4):
 garbage-first heap   total 109568K, used 30588K [0x00000000e0000000, 0x0000000100000000)
  region size 1024K, 1 young (1024K), 1 survivors (1024K)
 Metaspace       used 14318K, committed 14464K, reserved 1114112K
  class space    used 1562K, committed 1664K, reserved 1048576K
}
Event: 40.081 GC heap before
{Heap before GC invocations=682 (full 4):
 garbage-first heap   total 109568K, used 62332K [0x00000000e0000000, 0x0000000100000000)
  region size 1024K, 20 young (20480K), 1 survivors (1024K)
 Metaspace       used 14318K, committed 14464K, reserved 1114112K
  class space    used 1562K, committed 1664K, reserved 1048576K
}
Event: 40.082 GC heap after
{Heap after GC invocations=683 (full 4):
 garbage-first heap   total 109568K, used 30588K [0x00000000e0000000, 0x0000000100000000)
  region size 1024K, 1 young (1024K), 1 survivors (1024K)
 Metaspace       used 14318K, committed 14464K, reserved 1114112K
  class space    used 1562K, committed 1664K, reserved 1048576K
}
Event: 40.131 GC heap before
{Heap before GC invocations=683 (full 4):
 garbage-first heap   total 109568K, used 62332K [0x00000000e0000000, 0x0000000100000000)
  region size 1024K, 20 young (20480K), 1 survivors (1024K)
 Metaspace       used 14318K, committed 14464K, reserved 1114112K
  class space    used 1562K, committed 1664K, reserved 1048576K
}
Event: 40.132 GC heap after
{Heap after GC invocations=684 (full 4):
 garbage-first heap   total 109568K, used 30588K [0x00000000e0000000, 0x0000000100000000)
  region size 1024K, 1 young (1024K), 1 survivors (1024K)
 Metaspace       used 14318K, committed 14464K, reserved 1114112K
  class space    used 1562K, committed 1664K, reserved 1048576K
}

