# JRE version: OpenJDK Runtime Environment (Red_Hat-17.0.7.0.7-4.fc38) (17.0.7+7) (build 17.0.7+7)
# Java VM: OpenJDK 64-Bit Server VM (Red_Hat-17.0.7.0.7-4.fc38) (17.0.7+7, mixed mode, sharing, tiered, compressed oops, compressed class ptrs, g1 gc, linux-amd64)
GC Precious Log:
 CPUs: 16 total, 16 available
 Memory: 15649M
 Large Page Support: Disabled
 NUMA Support: Disabled
 Compressed Oops: Enabled (32-bit)
 Heap Region Size: 1M
 Heap Min Capacity: 8M
 Heap Initial Capacity: 246M
 Heap Max Capacity: 512M
 Pre-touch: Disabled
 Parallel Workers: 13
 Concurrent Workers: 3
 Concurrent Refinement Workers: 13
 Periodic GC: Disabled
Heap:
 garbage-first heap   total 153600K, used 102950K [0x00000000e0000000, 0x0000000100000000)
  region size 1024K, 43 young (44032K), 1 survivors (1024K)
 Metaspace       used 14345K, committed 14592K, reserved 1114112K
  class space    used 1562K, committed 1664K, reserved 1048576K
GC Heap History (20 events):
Event: 29.419 GC heap before
{Heap before GC invocations=423 (full 2):
 garbage-first heap   total 153600K, used 110118K [0x00000000e0000000, 0x0000000100000000)
  region size 1024K, 47 young (48128K), 1 survivors (1024K)
 Metaspace       used 14334K, committed 14528K, reserved 1114112K
  class space    used 1562K, committed 1664K, reserved 1048576K
}
Event: 29.420 GC heap after
{Heap after GC invocations=424 (full 2):
 garbage-first heap   total 153600K, used 30244K [0x00000000e0000000, 0x0000000100000000)
  region size 1024K, 1 young (1024K), 1 survivors (1024K)
 Metaspace       used 14334K, committed 14528K, reserved 1114112K
  class space    used 1562K, committed 1664K, reserved 1048576K
}
Event: 29.479 GC heap before
{Heap before GC invocations=424 (full 2):
 garbage-first heap   total 153600K, used 110116K [0x00000000e0000000, 0x0000000100000000)
  region size 1024K, 47 young (48128K), 1 survivors (1024K)
 Metaspace       used 14334K, committed 14528K, reserved 1114112K
  class space    used 1562K, committed 1664K, reserved 1048576K
}
Event: 29.480 GC heap after
{Heap after GC invocations=425 (full 2):
 garbage-first heap   total 153600K, used 30246K [0x00000000e0000000, 0x0000000100000000)
  region size 1024K, 1 young (1024K), 1 survivors (1024K)
 Metaspace       used 14334K, committed 14528K, reserved 1114112K
  class space    used 1562K, committed 1664K, reserved 1048576K
}
Event: 29.548 GC heap before
{Heap before GC invocations=425 (full 2):
 garbage-first heap   total 153600K, used 110118K [0x00000000e0000000, 0x0000000100000000)
  region size 1024K, 47 young (48128K), 1 survivors (1024K)
 Metaspace       used 14334K, committed 14528K, reserved 1114112K
  class space    used 1562K, committed 1664K, reserved 1048576K
}
Event: 29.549 GC heap after
{Heap after GC invocations=426 (full 2):
 garbage-first heap   total 153600K, used 30244K [0x00000000e0000000, 0x0000000100000000)
  region size 1024K, 1 young (1024K), 1 survivors (1024K)
 Metaspace       used 14334K, committed 14528K, reserved 1114112K
  class space    used 1562K, committed 1664K, reserved 1048576K
}
Event: 29.609 GC heap before
{Heap before GC invocations=426 (full 2):
 garbage-first heap   total 153600K, used 110116K [0x00000000e0000000, 0x0000000100000000)
  region size 1024K, 47 young (48128K), 1 survivors (1024K)
 Metaspace       used 14334K, committed 14528K, reserved 1114112K
  class space    used 1562K, committed 1664K, reserved 1048576K
}
Event: 29.610 GC heap after
{Heap after GC invocations=427 (full 2):
 garbage-first heap   total 153600K, used 30246K [0x00000000e0000000, 0x0000000100000000)
  region size 1024K, 1 young (1024K), 1 survivors (1024K)
 Metaspace       used 14334K, committed 14528K, reserved 1114112K
  class space    used 1562K, committed 1664K, reserved 1048576K
}
Event: 29.668 GC heap before
{Heap before GC invocations=427 (full 2):
 garbage-first heap   total 153600K, used 110118K [0x00000000e0000000, 0x0000000100000000)
  region size 1024K, 47 young (48128K), 1 survivors (1024K)
 Metaspace       used 14334K, committed 14528K, reserved 1114112K
  class space    used 1562K, committed 1664K, reserved 1048576K
}
Event: 29.669 GC heap after
{Heap after GC invocations=428 (full 2):
 garbage-first heap   total 153600K, used 30246K [0x00000000e0000000, 0x0000000100000000)
  region size 1024K, 1 young (1024K), 1 survivors (1024K)
 Metaspace       used 14334K, committed 14528K, reserved 1114112K
  class space    used 1562K, committed 1664K, reserved 1048576K
}
Event: 29.728 GC heap before
{Heap before GC invocations=428 (full 2):
 garbage-first heap   total 153600K, used 110118K [0x00000000e0000000, 0x0000000100000000)
  region size 1024K, 47 young (48128K), 1 survivors (1024K)
 Metaspace       used 14334K, committed 14528K, reserved 1114112K
  class space    used 1562K, committed 1664K, reserved 1048576K
}
Event: 29.730 GC heap after
{Heap after GC invocations=429 (full 2):
 garbage-first heap   total 153600K, used 30246K [0x00000000e0000000, 0x0000000100000000)
  region size 1024K, 1 young (1024K), 1 survivors (1024K)
 Metaspace       used 14334K, committed 14528K, reserved 1114112K
  class space    used 1562K, committed 1664K, reserved 1048576K
}
Event: 29.804 GC heap before
{Heap before GC invocations=429 (full 2):
 garbage-first heap   total 153600K, used 110118K [0x00000000e0000000, 0x0000000100000000)
  region size 1024K, 47 young (48128K), 1 survivors (1024K)
 Metaspace       used 14334K, committed 14528K, reserved 1114112K
  class space    used 1562K, committed 1664K, reserved 1048576K
}
Event: 29.805 GC heap after
{Heap after GC invocations=430 (full 2):
 garbage-first heap   total 153600K, used 30246K [0x00000000e0000000, 0x0000000100000000)
  region size 1024K, 1 young (1024K), 1 survivors (1024K)
 Metaspace       used 14334K, committed 14528K, reserved 1114112K
  class space    used 1562K, committed 1664K, reserved 1048576K
}
Event: 29.885 GC heap before
{Heap before GC invocations=430 (full 2):
 garbage-first heap   total 153600K, used 110118K [0x00000000e0000000, 0x0000000100000000)
  region size 1024K, 47 young (48128K), 1 survivors (1024K)
 Metaspace       used 14334K, committed 14528K, reserved 1114112K
  class space    used 1562K, committed 1664K, reserved 1048576K
}
Event: 29.886 GC heap after
{Heap after GC invocations=431 (full 2):
 garbage-first heap   total 153600K, used 30246K [0x00000000e0000000, 0x0000000100000000)
  region size 1024K, 1 young (1024K), 1 survivors (1024K)
 Metaspace       used 14334K, committed 14528K, reserved 1114112K
  class space    used 1562K, committed 1664K, reserved 1048576K
}
Event: 29.944 GC heap before
{Heap before GC invocations=431 (full 2):
 garbage-first heap   total 153600K, used 110118K [0x00000000e0000000, 0x0000000100000000)
  region size 1024K, 47 young (48128K), 1 survivors (1024K)
 Metaspace       used 14334K, committed 14528K, reserved 1114112K
  class space    used 1562K, committed 1664K, reserved 1048576K
}
Event: 29.945 GC heap after
{Heap after GC invocations=432 (full 2):
 garbage-first heap   total 153600K, used 30246K [0x00000000e0000000, 0x0000000100000000)
  region size 1024K, 1 young (1024K), 1 survivors (1024K)
 Metaspace       used 14334K, committed 14528K, reserved 1114112K
  class space    used 1562K, committed 1664K, reserved 1048576K
}
Event: 30.001 GC heap before
{Heap before GC invocations=432 (full 2):
 garbage-first heap   total 153600K, used 110118K [0x00000000e0000000, 0x0000000100000000)
  region size 1024K, 47 young (48128K), 1 survivors (1024K)
 Metaspace       used 14334K, committed 14528K, reserved 1114112K
  class space    used 1562K, committed 1664K, reserved 1048576K
}
Event: 30.002 GC heap after
{Heap after GC invocations=433 (full 2):
 garbage-first heap   total 153600K, used 30246K [0x00000000e0000000, 0x0000000100000000)
  region size 1024K, 1 young (1024K), 1 survivors (1024K)
 Metaspace       used 14334K, committed 14528K, reserved 1114112K
  class space    used 1562K, committed 1664K, reserved 1048576K
}

