# JRE version: OpenJDK Runtime Environment (8.0_372-b07) (build 1.8.0_372-b07)
# Java VM: OpenJDK 64-Bit Server VM (25.372-b07 mixed mode linux-amd64 compressed oops)
Heap:
 PSYoungGen      total 148480K, used 2K [0x00000000f5580000, 0x00000000fe980000, 0x0000000100000000)
  eden space 145920K, 0% used [0x00000000f5580000,0x00000000f5580810,0x00000000fe400000)
  from space 2560K, 0% used [0x00000000fe400000,0x00000000fe400000,0x00000000fe680000)
  to   space 2560K, 0% used [0x00000000fe700000,0x00000000fe700000,0x00000000fe980000)
 ParOldGen       total 343040K, used 16850K [0x00000000e0000000, 0x00000000f4f00000, 0x00000000f5580000)
  object space 343040K, 4% used [0x00000000e0000000,0x00000000e1074a68,0x00000000f4f00000)
 Metaspace       used 16512K, capacity 16664K, committed 16896K, reserved 1064960K
  class space    used 1911K, capacity 2011K, committed 2048K, reserved 1048576K
GC Heap History (10 events):
Event: 143.147 GC heap before
{Heap before GC invocations=295 (full 8):
 PSYoungGen      total 148480K, used 32K [0x00000000f5580000, 0x00000000fe880000, 0x0000000100000000)
  eden space 146432K, 0% used [0x00000000f5580000,0x00000000f5580000,0x00000000fe480000)
  from space 2048K, 1% used [0x00000000fe480000,0x00000000fe488000,0x00000000fe680000)
  to   space 2048K, 0% used [0x00000000fe680000,0x00000000fe680000,0x00000000fe880000)
 ParOldGen       total 343040K, used 16850K [0x00000000e0000000, 0x00000000f4f00000, 0x00000000f5580000)
  object space 343040K, 4% used [0x00000000e0000000,0x00000000e1074a68,0x00000000f4f00000)
 Metaspace       used 16512K, capacity 16664K, committed 16896K, reserved 1064960K
  class space    used 1911K, capacity 2011K, committed 2048K, reserved 1048576K
Event: 143.165 GC heap after
Heap after GC invocations=295 (full 8):
 PSYoungGen      total 148480K, used 0K [0x00000000f5580000, 0x00000000fe880000, 0x0000000100000000)
  eden space 146432K, 0% used [0x00000000f5580000,0x00000000f5580000,0x00000000fe480000)
  from space 2048K, 0% used [0x00000000fe480000,0x00000000fe480000,0x00000000fe680000)
  to   space 2048K, 0% used [0x00000000fe680000,0x00000000fe680000,0x00000000fe880000)
 ParOldGen       total 343040K, used 16850K [0x00000000e0000000, 0x00000000f4f00000, 0x00000000f5580000)
  object space 343040K, 4% used [0x00000000e0000000,0x00000000e1074a68,0x00000000f4f00000)
 Metaspace       used 16512K, capacity 16664K, committed 16896K, reserved 1064960K
  class space    used 1911K, capacity 2011K, committed 2048K, reserved 1048576K
}
Event: 143.644 GC heap before
{Heap before GC invocations=296 (full 8):
 PSYoungGen      total 148480K, used 2K [0x00000000f5580000, 0x00000000fe880000, 0x0000000100000000)
  eden space 146432K, 0% used [0x00000000f5580000,0x00000000f5580810,0x00000000fe480000)
  from space 2048K, 0% used [0x00000000fe480000,0x00000000fe480000,0x00000000fe680000)
  to   space 2048K, 0% used [0x00000000fe680000,0x00000000fe680000,0x00000000fe880000)
 ParOldGen       total 343040K, used 16850K [0x00000000e0000000, 0x00000000f4f00000, 0x00000000f5580000)
  object space 343040K, 4% used [0x00000000e0000000,0x00000000e1074a68,0x00000000f4f00000)
 Metaspace       used 16512K, capacity 16664K, committed 16896K, reserved 1064960K
  class space    used 1911K, capacity 2011K, committed 2048K, reserved 1048576K
Event: 143.645 GC heap after
Heap after GC invocations=296 (full 8):
 PSYoungGen      total 147968K, used 32K [0x00000000f5580000, 0x00000000fe980000, 0x0000000100000000)
  eden space 145920K, 0% used [0x00000000f5580000,0x00000000f5580000,0x00000000fe400000)
  from space 2048K, 1% used [0x00000000fe680000,0x00000000fe688000,0x00000000fe880000)
  to   space 2560K, 0% used [0x00000000fe400000,0x00000000fe400000,0x00000000fe680000)
 ParOldGen       total 343040K, used 16850K [0x00000000e0000000, 0x00000000f4f00000, 0x00000000f5580000)
  object space 343040K, 4% used [0x00000000e0000000,0x00000000e1074a68,0x00000000f4f00000)
 Metaspace       used 16512K, capacity 16664K, committed 16896K, reserved 1064960K
  class space    used 1911K, capacity 2011K, committed 2048K, reserved 1048576K
}
Event: 143.645 GC heap before
{Heap before GC invocations=297 (full 9):
 PSYoungGen      total 147968K, used 32K [0x00000000f5580000, 0x00000000fe980000, 0x0000000100000000)
  eden space 145920K, 0% used [0x00000000f5580000,0x00000000f5580000,0x00000000fe400000)
  from space 2048K, 1% used [0x00000000fe680000,0x00000000fe688000,0x00000000fe880000)
  to   space 2560K, 0% used [0x00000000fe400000,0x00000000fe400000,0x00000000fe680000)
 ParOldGen       total 343040K, used 16850K [0x00000000e0000000, 0x00000000f4f00000, 0x00000000f5580000)
  object space 343040K, 4% used [0x00000000e0000000,0x00000000e1074a68,0x00000000f4f00000)
 Metaspace       used 16512K, capacity 16664K, committed 16896K, reserved 1064960K
  class space    used 1911K, capacity 2011K, committed 2048K, reserved 1048576K
Event: 143.661 GC heap after
Heap after GC invocations=297 (full 9):
 PSYoungGen      total 147968K, used 0K [0x00000000f5580000, 0x00000000fe980000, 0x0000000100000000)
  eden space 145920K, 0% used [0x00000000f5580000,0x00000000f5580000,0x00000000fe400000)
  from space 2048K, 0% used [0x00000000fe680000,0x00000000fe680000,0x00000000fe880000)
  to   space 2560K, 0% used [0x00000000fe400000,0x00000000fe400000,0x00000000fe680000)
 ParOldGen       total 343040K, used 16850K [0x00000000e0000000, 0x00000000f4f00000, 0x00000000f5580000)
  object space 343040K, 4% used [0x00000000e0000000,0x00000000e1074a68,0x00000000f4f00000)
 Metaspace       used 16512K, capacity 16664K, committed 16896K, reserved 1064960K
  class space    used 1911K, capacity 2011K, committed 2048K, reserved 1048576K
}
Event: 159.022 GC heap before
{Heap before GC invocations=298 (full 9):
 PSYoungGen      total 147968K, used 2K [0x00000000f5580000, 0x00000000fe980000, 0x0000000100000000)
  eden space 145920K, 0% used [0x00000000f5580000,0x00000000f5580810,0x00000000fe400000)
  from space 2048K, 0% used [0x00000000fe680000,0x00000000fe680000,0x00000000fe880000)
  to   space 2560K, 0% used [0x00000000fe400000,0x00000000fe400000,0x00000000fe680000)
 ParOldGen       total 343040K, used 16850K [0x00000000e0000000, 0x00000000f4f00000, 0x00000000f5580000)
  object space 343040K, 4% used [0x00000000e0000000,0x00000000e1074a68,0x00000000f4f00000)
 Metaspace       used 16512K, capacity 16664K, committed 16896K, reserved 1064960K
  class space    used 1911K, capacity 2011K, committed 2048K, reserved 1048576K
Event: 159.023 GC heap after
Heap after GC invocations=298 (full 9):
 PSYoungGen      total 148480K, used 32K [0x00000000f5580000, 0x00000000fe980000, 0x0000000100000000)
  eden space 145920K, 0% used [0x00000000f5580000,0x00000000f5580000,0x00000000fe400000)
  from space 2560K, 1% used [0x00000000fe400000,0x00000000fe408000,0x00000000fe680000)
  to   space 2560K, 0% used [0x00000000fe700000,0x00000000fe700000,0x00000000fe980000)
 ParOldGen       total 343040K, used 16850K [0x00000000e0000000, 0x00000000f4f00000, 0x00000000f5580000)
  object space 343040K, 4% used [0x00000000e0000000,0x00000000e1074a68,0x00000000f4f00000)
 Metaspace       used 16512K, capacity 16664K, committed 16896K, reserved 1064960K
  class space    used 1911K, capacity 2011K, committed 2048K, reserved 1048576K
}
Event: 159.023 GC heap before
{Heap before GC invocations=299 (full 10):
 PSYoungGen      total 148480K, used 32K [0x00000000f5580000, 0x00000000fe980000, 0x0000000100000000)
  eden space 145920K, 0% used [0x00000000f5580000,0x00000000f5580000,0x00000000fe400000)
  from space 2560K, 1% used [0x00000000fe400000,0x00000000fe408000,0x00000000fe680000)
  to   space 2560K, 0% used [0x00000000fe700000,0x00000000fe700000,0x00000000fe980000)
 ParOldGen       total 343040K, used 16850K [0x00000000e0000000, 0x00000000f4f00000, 0x00000000f5580000)
  object space 343040K, 4% used [0x00000000e0000000,0x00000000e1074a68,0x00000000f4f00000)
 Metaspace       used 16512K, capacity 16664K, committed 16896K, reserved 1064960K
  class space    used 1911K, capacity 2011K, committed 2048K, reserved 1048576K
Event: 159.042 GC heap after
Heap after GC invocations=299 (full 10):
 PSYoungGen      total 148480K, used 0K [0x00000000f5580000, 0x00000000fe980000, 0x0000000100000000)
  eden space 145920K, 0% used [0x00000000f5580000,0x00000000f5580000,0x00000000fe400000)
  from space 2560K, 0% used [0x00000000fe400000,0x00000000fe400000,0x00000000fe680000)
  to   space 2560K, 0% used [0x00000000fe700000,0x00000000fe700000,0x00000000fe980000)
 ParOldGen       total 343040K, used 16850K [0x00000000e0000000, 0x00000000f4f00000, 0x00000000f5580000)
  object space 343040K, 4% used [0x00000000e0000000,0x00000000e1074a68,0x00000000f4f00000)
 Metaspace       used 16512K, capacity 16664K, committed 16896K, reserved 1064960K
  class space    used 1911K, capacity 2011K, committed 2048K, reserved 1048576K
}

