# JRE version: OpenJDK Runtime Environment (8.0_372-b07) (build 1.8.0_372-b07)
# Java VM: OpenJDK 64-Bit Server VM (25.372-b07 mixed mode linux-amd64 compressed oops)
Heap:
 PSYoungGen      total 104448K, used 23941K [0x00000000f5580000, 0x00000000fd000000, 0x0000000100000000)
  eden space 102912K, 21% used [0x00000000f5580000,0x00000000f6b89528,0x00000000fba00000)
  from space 1536K, 89% used [0x00000000fce80000,0x00000000fcfd8030,0x00000000fd000000)
  to   space 2048K, 0% used [0x00000000fcc00000,0x00000000fcc00000,0x00000000fce00000)
 ParOldGen       total 343040K, used 27666K [0x00000000e0000000, 0x00000000f4f00000, 0x00000000f5580000)
  object space 343040K, 8% used [0x00000000e0000000,0x00000000e1b04950,0x00000000f4f00000)
 Metaspace       used 16510K, capacity 16664K, committed 16896K, reserved 1064960K
  class space    used 1912K, capacity 2011K, committed 2048K, reserved 1048576K
GC Heap History (10 events):
Event: 51.768 GC heap before
{Heap before GC invocations=314 (full 6):
 PSYoungGen      total 115712K, used 115243K [0x00000000f5580000, 0x00000000fd280000, 0x0000000100000000)
  eden space 114176K, 99% used [0x00000000f5580000,0x00000000fc4fafc8,0x00000000fc500000)
  from space 1536K, 70% used [0x00000000fcf80000,0x00000000fd090030,0x00000000fd100000)
  to   space 1536K, 0% used [0x00000000fd100000,0x00000000fd100000,0x00000000fd280000)
 ParOldGen       total 343040K, used 27666K [0x00000000e0000000, 0x00000000f4f00000, 0x00000000f5580000)
  object space 343040K, 8% used [0x00000000e0000000,0x00000000e1b04950,0x00000000f4f00000)
 Metaspace       used 16503K, capacity 16664K, committed 16896K, reserved 1064960K
  class space    used 1912K, capacity 2011K, committed 2048K, reserved 1048576K
Event: 51.769 GC heap after
Heap after GC invocations=314 (full 6):
 PSYoungGen      total 112640K, used 832K [0x00000000f5580000, 0x00000000fd200000, 0x0000000100000000)
  eden space 111616K, 0% used [0x00000000f5580000,0x00000000f5580000,0x00000000fc280000)
  from space 1024K, 81% used [0x00000000fd100000,0x00000000fd1d0020,0x00000000fd200000)
  to   space 2048K, 0% used [0x00000000fce00000,0x00000000fce00000,0x00000000fd000000)
 ParOldGen       total 343040K, used 27666K [0x00000000e0000000, 0x00000000f4f00000, 0x00000000f5580000)
  object space 343040K, 8% used [0x00000000e0000000,0x00000000e1b04950,0x00000000f4f00000)
 Metaspace       used 16503K, capacity 16664K, committed 16896K, reserved 1064960K
  class space    used 1912K, capacity 2011K, committed 2048K, reserved 1048576K
}
Event: 51.927 GC heap before
{Heap before GC invocations=315 (full 6):
 PSYoungGen      total 112640K, used 112365K [0x00000000f5580000, 0x00000000fd200000, 0x0000000100000000)
  eden space 111616K, 99% used [0x00000000f5580000,0x00000000fc26b5b0,0x00000000fc280000)
  from space 1024K, 81% used [0x00000000fd100000,0x00000000fd1d0020,0x00000000fd200000)
  to   space 2048K, 0% used [0x00000000fce00000,0x00000000fce00000,0x00000000fd000000)
 ParOldGen       total 343040K, used 27666K [0x00000000e0000000, 0x00000000f4f00000, 0x00000000f5580000)
  object space 343040K, 8% used [0x00000000e0000000,0x00000000e1b04950,0x00000000f4f00000)
 Metaspace       used 16503K, capacity 16664K, committed 16896K, reserved 1064960K
  class space    used 1912K, capacity 2011K, committed 2048K, reserved 1048576K
Event: 51.929 GC heap after
Heap after GC invocations=315 (full 6):
 PSYoungGen      total 110592K, used 1376K [0x00000000f5580000, 0x00000000fd180000, 0x0000000100000000)
  eden space 109056K, 0% used [0x00000000f5580000,0x00000000f5580000,0x00000000fc000000)
  from space 1536K, 89% used [0x00000000fce00000,0x00000000fcf58030,0x00000000fcf80000)
  to   space 2048K, 0% used [0x00000000fcf80000,0x00000000fcf80000,0x00000000fd180000)
 ParOldGen       total 343040K, used 27666K [0x00000000e0000000, 0x00000000f4f00000, 0x00000000f5580000)
  object space 343040K, 8% used [0x00000000e0000000,0x00000000e1b04950,0x00000000f4f00000)
 Metaspace       used 16503K, capacity 16664K, committed 16896K, reserved 1064960K
  class space    used 1912K, capacity 2011K, committed 2048K, reserved 1048576K
}
Event: 52.077 GC heap before
{Heap before GC invocations=316 (full 6):
 PSYoungGen      total 110592K, used 110169K [0x00000000f5580000, 0x00000000fd180000, 0x0000000100000000)
  eden space 109056K, 99% used [0x00000000f5580000,0x00000000fbfbe600,0x00000000fc000000)
  from space 1536K, 89% used [0x00000000fce00000,0x00000000fcf58030,0x00000000fcf80000)
  to   space 2048K, 0% used [0x00000000fcf80000,0x00000000fcf80000,0x00000000fd180000)
 ParOldGen       total 343040K, used 27666K [0x00000000e0000000, 0x00000000f4f00000, 0x00000000f5580000)
  object space 343040K, 8% used [0x00000000e0000000,0x00000000e1b04950,0x00000000f4f00000)
 Metaspace       used 16503K, capacity 16664K, committed 16896K, reserved 1064960K
  class space    used 1912K, capacity 2011K, committed 2048K, reserved 1048576K
Event: 52.078 GC heap after
Heap after GC invocations=316 (full 6):
 PSYoungGen      total 108544K, used 1120K [0x00000000f5580000, 0x00000000fd100000, 0x0000000100000000)
  eden space 107008K, 0% used [0x00000000f5580000,0x00000000f5580000,0x00000000fbe00000)
  from space 1536K, 72% used [0x00000000fcf80000,0x00000000fd098030,0x00000000fd100000)
  to   space 2048K, 0% used [0x00000000fcd00000,0x00000000fcd00000,0x00000000fcf00000)
 ParOldGen       total 343040K, used 27666K [0x00000000e0000000, 0x00000000f4f00000, 0x00000000f5580000)
  object space 343040K, 8% used [0x00000000e0000000,0x00000000e1b04950,0x00000000f4f00000)
 Metaspace       used 16503K, capacity 16664K, committed 16896K, reserved 1064960K
  class space    used 1912K, capacity 2011K, committed 2048K, reserved 1048576K
}
Event: 52.228 GC heap before
{Heap before GC invocations=317 (full 6):
 PSYoungGen      total 108544K, used 108126K [0x00000000f5580000, 0x00000000fd100000, 0x0000000100000000)
  eden space 107008K, 99% used [0x00000000f5580000,0x00000000fbdff8f8,0x00000000fbe00000)
  from space 1536K, 72% used [0x00000000fcf80000,0x00000000fd098030,0x00000000fd100000)
  to   space 2048K, 0% used [0x00000000fcd00000,0x00000000fcd00000,0x00000000fcf00000)
 ParOldGen       total 343040K, used 27666K [0x00000000e0000000, 0x00000000f4f00000, 0x00000000f5580000)
  object space 343040K, 8% used [0x00000000e0000000,0x00000000e1b04950,0x00000000f4f00000)
 Metaspace       used 16503K, capacity 16664K, committed 16896K, reserved 1064960K
  class space    used 1912K, capacity 2011K, committed 2048K, reserved 1048576K
Event: 52.229 GC heap after
Heap after GC invocations=317 (full 6):
 PSYoungGen      total 106496K, used 1376K [0x00000000f5580000, 0x00000000fd000000, 0x0000000100000000)
  eden space 104960K, 0% used [0x00000000f5580000,0x00000000f5580000,0x00000000fbc00000)
  from space 1536K, 89% used [0x00000000fcd00000,0x00000000fce58030,0x00000000fce80000)
  to   space 1536K, 0% used [0x00000000fce80000,0x00000000fce80000,0x00000000fd000000)
 ParOldGen       total 343040K, used 27666K [0x00000000e0000000, 0x00000000f4f00000, 0x00000000f5580000)
  object space 343040K, 8% used [0x00000000e0000000,0x00000000e1b04950,0x00000000f4f00000)
 Metaspace       used 16503K, capacity 16664K, committed 16896K, reserved 1064960K
  class space    used 1912K, capacity 2011K, committed 2048K, reserved 1048576K
}
Event: 52.377 GC heap before
{Heap before GC invocations=318 (full 6):
 PSYoungGen      total 106496K, used 106271K [0x00000000f5580000, 0x00000000fd000000, 0x0000000100000000)
  eden space 104960K, 99% used [0x00000000f5580000,0x00000000fbbefd58,0x00000000fbc00000)
  from space 1536K, 89% used [0x00000000fcd00000,0x00000000fce58030,0x00000000fce80000)
  to   space 1536K, 0% used [0x00000000fce80000,0x00000000fce80000,0x00000000fd000000)
 ParOldGen       total 343040K, used 27666K [0x00000000e0000000, 0x00000000f4f00000, 0x00000000f5580000)
  object space 343040K, 8% used [0x00000000e0000000,0x00000000e1b04950,0x00000000f4f00000)
 Metaspace       used 16503K, capacity 16664K, committed 16896K, reserved 1064960K
  class space    used 1912K, capacity 2011K, committed 2048K, reserved 1048576K
Event: 52.379 GC heap after
Heap after GC invocations=318 (full 6):
 PSYoungGen      total 104448K, used 1376K [0x00000000f5580000, 0x00000000fd000000, 0x0000000100000000)
  eden space 102912K, 0% used [0x00000000f5580000,0x00000000f5580000,0x00000000fba00000)
  from space 1536K, 89% used [0x00000000fce80000,0x00000000fcfd8030,0x00000000fd000000)
  to   space 2048K, 0% used [0x00000000fcc00000,0x00000000fcc00000,0x00000000fce00000)
 ParOldGen       total 343040K, used 27666K [0x00000000e0000000, 0x00000000f4f00000, 0x00000000f5580000)
  object space 343040K, 8% used [0x00000000e0000000,0x00000000e1b04950,0x00000000f4f00000)
 Metaspace       used 16503K, capacity 16664K, committed 16896K, reserved 1064960K
  class space    used 1912K, capacity 2011K, committed 2048K, reserved 1048576K
}

