# JRE version: OpenJDK Runtime Environment (Red_Hat-17.0.7.0.7-4.fc38) (17.0.7+7) (build 17.0.7+7)
# Java VM: OpenJDK 64-Bit Server VM (Red_Hat-17.0.7.0.7-4.fc38) (17.0.7+7, mixed mode, sharing, tiered, compressed oops, compressed class ptrs, g1 gc, linux-amd64)
GC Precious Log:
 CPUs: 16 total, 16 available
 Memory: 15649M
 Large Page Support: Disabled
 NUMA Support: Disabled
 Compressed Oops: Enabled (32-bit)
 Heap Region Size: 1M
 Heap Min Capacity: 8M
 Heap Initial Capacity: 246M
 Heap Max Capacity: 512M
 Pre-touch: Disabled
 Parallel Workers: 13
 Concurrent Workers: 3
 Concurrent Refinement Workers: 13
 Periodic GC: Disabled
Heap:
 garbage-first heap   total 151552K, used 104798K [0x00000000e0000000, 0x0000000100000000)
  region size 1024K, 44 young (45056K), 1 survivors (1024K)
 Metaspace       used 14340K, committed 14528K, reserved 1114112K
  class space    used 1562K, committed 1664K, reserved 1048576K
GC Heap History (20 events):
Event: 29.008 GC heap before
{Heap before GC invocations=402 (full 2):
 garbage-first heap   total 151552K, used 115038K [0x00000000e0000000, 0x0000000100000000)
  region size 1024K, 50 young (51200K), 1 survivors (1024K)
 Metaspace       used 14329K, committed 14464K, reserved 1114112K
  class space    used 1562K, committed 1664K, reserved 1048576K
}
Event: 29.009 GC heap after
{Heap after GC invocations=403 (full 2):
 garbage-first heap   total 151552K, used 30048K [0x00000000e0000000, 0x0000000100000000)
  region size 1024K, 1 young (1024K), 1 survivors (1024K)
 Metaspace       used 14329K, committed 14464K, reserved 1114112K
  class space    used 1562K, committed 1664K, reserved 1048576K
}
Event: 29.069 GC heap before
{Heap before GC invocations=403 (full 2):
 garbage-first heap   total 151552K, used 115040K [0x00000000e0000000, 0x0000000100000000)
  region size 1024K, 50 young (51200K), 1 survivors (1024K)
 Metaspace       used 14329K, committed 14464K, reserved 1114112K
  class space    used 1562K, committed 1664K, reserved 1048576K
}
Event: 29.071 GC heap after
{Heap after GC invocations=404 (full 2):
 garbage-first heap   total 151552K, used 30046K [0x00000000e0000000, 0x0000000100000000)
  region size 1024K, 1 young (1024K), 1 survivors (1024K)
 Metaspace       used 14329K, committed 14464K, reserved 1114112K
  class space    used 1562K, committed 1664K, reserved 1048576K
}
Event: 29.133 GC heap before
{Heap before GC invocations=404 (full 2):
 garbage-first heap   total 151552K, used 115038K [0x00000000e0000000, 0x0000000100000000)
  region size 1024K, 50 young (51200K), 1 survivors (1024K)
 Metaspace       used 14329K, committed 14464K, reserved 1114112K
  class space    used 1562K, committed 1664K, reserved 1048576K
}
Event: 29.133 GC heap after
{Heap after GC invocations=405 (full 2):
 garbage-first heap   total 151552K, used 30048K [0x00000000e0000000, 0x0000000100000000)
  region size 1024K, 1 young (1024K), 1 survivors (1024K)
 Metaspace       used 14329K, committed 14464K, reserved 1114112K
  class space    used 1562K, committed 1664K, reserved 1048576K
}
Event: 29.196 GC heap before
{Heap before GC invocations=405 (full 2):
 garbage-first heap   total 151552K, used 115040K [0x00000000e0000000, 0x0000000100000000)
  region size 1024K, 50 young (51200K), 1 survivors (1024K)
 Metaspace       used 14329K, committed 14464K, reserved 1114112K
  class space    used 1562K, committed 1664K, reserved 1048576K
}
Event: 29.197 GC heap after
{Heap after GC invocations=406 (full 2):
 garbage-first heap   total 151552K, used 30048K [0x00000000e0000000, 0x0000000100000000)
  region size 1024K, 1 young (1024K), 1 survivors (1024K)
 Metaspace       used 14329K, committed 14464K, reserved 1114112K
  class space    used 1562K, committed 1664K, reserved 1048576K
}
Event: 29.257 GC heap before
{Heap before GC invocations=406 (full 2):
 garbage-first heap   total 151552K, used 115040K [0x00000000e0000000, 0x0000000100000000)
  region size 1024K, 50 young (51200K), 1 survivors (1024K)
 Metaspace       used 14329K, committed 14464K, reserved 1114112K
  class space    used 1562K, committed 1664K, reserved 1048576K
}
Event: 29.258 GC heap after
{Heap after GC invocations=407 (full 2):
 garbage-first heap   total 151552K, used 30046K [0x00000000e0000000, 0x0000000100000000)
  region size 1024K, 1 young (1024K), 1 survivors (1024K)
 Metaspace       used 14329K, committed 14464K, reserved 1114112K
  class space    used 1562K, committed 1664K, reserved 1048576K
}
Event: 29.319 GC heap before
{Heap before GC invocations=407 (full 2):
 garbage-first heap   total 151552K, used 115038K [0x00000000e0000000, 0x0000000100000000)
  region size 1024K, 50 young (51200K), 1 survivors (1024K)
 Metaspace       used 14329K, committed 14464K, reserved 1114112K
  class space    used 1562K, committed 1664K, reserved 1048576K
}
Event: 29.320 GC heap after
{Heap after GC invocations=408 (full 2):
 garbage-first heap   total 151552K, used 30046K [0x00000000e0000000, 0x0000000100000000)
  region size 1024K, 1 young (1024K), 1 survivors (1024K)
 Metaspace       used 14329K, committed 14464K, reserved 1114112K
  class space    used 1562K, committed 1664K, reserved 1048576K
}
Event: 29.383 GC heap before
{Heap before GC invocations=408 (full 2):
 garbage-first heap   total 151552K, used 115038K [0x00000000e0000000, 0x0000000100000000)
  region size 1024K, 50 young (51200K), 1 survivors (1024K)
 Metaspace       used 14329K, committed 14464K, reserved 1114112K
  class space    used 1562K, committed 1664K, reserved 1048576K
}
Event: 29.384 GC heap after
{Heap after GC invocations=409 (full 2):
 garbage-first heap   total 151552K, used 30048K [0x00000000e0000000, 0x0000000100000000)
  region size 1024K, 1 young (1024K), 1 survivors (1024K)
 Metaspace       used 14329K, committed 14464K, reserved 1114112K
  class space    used 1562K, committed 1664K, reserved 1048576K
}
Event: 29.447 GC heap before
{Heap before GC invocations=409 (full 2):
 garbage-first heap   total 151552K, used 115040K [0x00000000e0000000, 0x0000000100000000)
  region size 1024K, 50 young (51200K), 1 survivors (1024K)
 Metaspace       used 14329K, committed 14464K, reserved 1114112K
  class space    used 1562K, committed 1664K, reserved 1048576K
}
Event: 29.448 GC heap after
{Heap after GC invocations=410 (full 2):
 garbage-first heap   total 151552K, used 30048K [0x00000000e0000000, 0x0000000100000000)
  region size 1024K, 1 young (1024K), 1 survivors (1024K)
 Metaspace       used 14329K, committed 14464K, reserved 1114112K
  class space    used 1562K, committed 1664K, reserved 1048576K
}
Event: 29.508 GC heap before
{Heap before GC invocations=410 (full 2):
 garbage-first heap   total 151552K, used 115040K [0x00000000e0000000, 0x0000000100000000)
  region size 1024K, 50 young (51200K), 1 survivors (1024K)
 Metaspace       used 14329K, committed 14464K, reserved 1114112K
  class space    used 1562K, committed 1664K, reserved 1048576K
}
Event: 29.509 GC heap after
{Heap after GC invocations=411 (full 2):
 garbage-first heap   total 151552K, used 30046K [0x00000000e0000000, 0x0000000100000000)
  region size 1024K, 1 young (1024K), 1 survivors (1024K)
 Metaspace       used 14329K, committed 14464K, reserved 1114112K
  class space    used 1562K, committed 1664K, reserved 1048576K
}
Event: 29.590 GC heap before
{Heap before GC invocations=411 (full 2):
 garbage-first heap   total 151552K, used 115038K [0x00000000e0000000, 0x0000000100000000)
  region size 1024K, 50 young (51200K), 1 survivors (1024K)
 Metaspace       used 14329K, committed 14464K, reserved 1114112K
  class space    used 1562K, committed 1664K, reserved 1048576K
}
Event: 29.591 GC heap after
{Heap after GC invocations=412 (full 2):
 garbage-first heap   total 151552K, used 30046K [0x00000000e0000000, 0x0000000100000000)
  region size 1024K, 1 young (1024K), 1 survivors (1024K)
 Metaspace       used 14329K, committed 14464K, reserved 1114112K
  class space    used 1562K, committed 1664K, reserved 1048576K
}

