# JRE version: OpenJDK Runtime Environment (Red_Hat-17.0.7.0.7-4.fc38) (17.0.7+7) (build 17.0.7+7)
# Java VM: OpenJDK 64-Bit Server VM (Red_Hat-17.0.7.0.7-4.fc38) (17.0.7+7, mixed mode, sharing, tiered, compressed oops, compressed class ptrs, g1 gc, linux-amd64)
GC Precious Log:
 CPUs: 16 total, 16 available
 Memory: 15649M
 Large Page Support: Disabled
 NUMA Support: Disabled
 Compressed Oops: Enabled (32-bit)
 Heap Region Size: 1M
 Heap Min Capacity: 8M
 Heap Initial Capacity: 246M
 Heap Max Capacity: 512M
 Pre-touch: Disabled
 Parallel Workers: 13
 Concurrent Workers: 3
 Concurrent Refinement Workers: 13
 Periodic GC: Disabled
Heap:
 garbage-first heap   total 71680K, used 19543K [0x00000000e0000000, 0x0000000100000000)
  region size 1024K, 1 young (1024K), 0 survivors (0K)
 Metaspace       used 14344K, committed 14592K, reserved 1114112K
  class space    used 1562K, committed 1664K, reserved 1048576K
GC Heap History (20 events):
Event: 37.703 GC heap before
{Heap before GC invocations=418 (full 2):
 garbage-first heap   total 151552K, used 112156K [0x00000000e0000000, 0x0000000100000000)
  region size 1024K, 48 young (49152K), 1 survivors (1024K)
 Metaspace       used 14333K, committed 14528K, reserved 1114112K
  class space    used 1562K, committed 1664K, reserved 1048576K
}
Event: 37.704 GC heap after
{Heap after GC invocations=419 (full 2):
 garbage-first heap   total 151552K, used 30236K [0x00000000e0000000, 0x0000000100000000)
  region size 1024K, 1 young (1024K), 1 survivors (1024K)
 Metaspace       used 14333K, committed 14528K, reserved 1114112K
  class space    used 1562K, committed 1664K, reserved 1048576K
}
Event: 37.773 GC heap before
{Heap before GC invocations=419 (full 2):
 garbage-first heap   total 151552K, used 112156K [0x00000000e0000000, 0x0000000100000000)
  region size 1024K, 48 young (49152K), 1 survivors (1024K)
 Metaspace       used 14333K, committed 14528K, reserved 1114112K
  class space    used 1562K, committed 1664K, reserved 1048576K
}
Event: 37.774 GC heap after
{Heap after GC invocations=420 (full 2):
 garbage-first heap   total 151552K, used 30236K [0x00000000e0000000, 0x0000000100000000)
  region size 1024K, 1 young (1024K), 1 survivors (1024K)
 Metaspace       used 14333K, committed 14528K, reserved 1114112K
  class space    used 1562K, committed 1664K, reserved 1048576K
}
Event: 37.842 GC heap before
{Heap before GC invocations=420 (full 2):
 garbage-first heap   total 151552K, used 112156K [0x00000000e0000000, 0x0000000100000000)
  region size 1024K, 48 young (49152K), 1 survivors (1024K)
 Metaspace       used 14333K, committed 14528K, reserved 1114112K
  class space    used 1562K, committed 1664K, reserved 1048576K
}
Event: 37.843 GC heap after
{Heap after GC invocations=421 (full 2):
 garbage-first heap   total 151552K, used 30238K [0x00000000e0000000, 0x0000000100000000)
  region size 1024K, 1 young (1024K), 1 survivors (1024K)
 Metaspace       used 14333K, committed 14528K, reserved 1114112K
  class space    used 1562K, committed 1664K, reserved 1048576K
}
Event: 37.904 GC heap before
{Heap before GC invocations=421 (full 2):
 garbage-first heap   total 151552K, used 112158K [0x00000000e0000000, 0x0000000100000000)
  region size 1024K, 48 young (49152K), 1 survivors (1024K)
 Metaspace       used 14333K, committed 14528K, reserved 1114112K
  class space    used 1562K, committed 1664K, reserved 1048576K
}
Event: 37.905 GC heap after
{Heap after GC invocations=422 (full 2):
 garbage-first heap   total 151552K, used 30236K [0x00000000e0000000, 0x0000000100000000)
  region size 1024K, 1 young (1024K), 1 survivors (1024K)
 Metaspace       used 14333K, committed 14528K, reserved 1114112K
  class space    used 1562K, committed 1664K, reserved 1048576K
}
Event: 233.508 GC heap before
{Heap before GC invocations=422 (full 2):
 garbage-first heap   total 151552K, used 33308K [0x00000000e0000000, 0x0000000100000000)
  region size 1024K, 4 young (4096K), 1 survivors (1024K)
 Metaspace       used 14344K, committed 14592K, reserved 1114112K
  class space    used 1562K, committed 1664K, reserved 1048576K
}
Event: 233.626 GC heap after
{Heap after GC invocations=423 (full 3):
 garbage-first heap   total 75776K, used 19543K [0x00000000e0000000, 0x0000000100000000)
  region size 1024K, 0 young (0K), 0 survivors (0K)
 Metaspace       used 14344K, committed 14592K, reserved 1114112K
  class space    used 1562K, committed 1664K, reserved 1048576K
}
Event: 233.704 GC heap before
{Heap before GC invocations=423 (full 3):
 garbage-first heap   total 75776K, used 19543K [0x00000000e0000000, 0x0000000100000000)
  region size 1024K, 1 young (1024K), 0 survivors (0K)
 Metaspace       used 14344K, committed 14592K, reserved 1114112K
  class space    used 1562K, committed 1664K, reserved 1048576K
}
Event: 233.722 GC heap after
{Heap after GC invocations=424 (full 4):
 garbage-first heap   total 71680K, used 19543K [0x00000000e0000000, 0x0000000100000000)
  region size 1024K, 0 young (0K), 0 survivors (0K)
 Metaspace       used 14344K, committed 14592K, reserved 1114112K
  class space    used 1562K, committed 1664K, reserved 1048576K
}
Event: 233.796 GC heap before
{Heap before GC invocations=424 (full 4):
 garbage-first heap   total 71680K, used 19543K [0x00000000e0000000, 0x0000000100000000)
  region size 1024K, 1 young (1024K), 0 survivors (0K)
 Metaspace       used 14344K, committed 14592K, reserved 1114112K
  class space    used 1562K, committed 1664K, reserved 1048576K
}
Event: 233.807 GC heap after
{Heap after GC invocations=425 (full 5):
 garbage-first heap   total 71680K, used 19543K [0x00000000e0000000, 0x0000000100000000)
  region size 1024K, 0 young (0K), 0 survivors (0K)
 Metaspace       used 14344K, committed 14592K, reserved 1114112K
  class space    used 1562K, committed 1664K, reserved 1048576K
}
Event: 234.071 GC heap before
{Heap before GC invocations=425 (full 5):
 garbage-first heap   total 71680K, used 19543K [0x00000000e0000000, 0x0000000100000000)
  region size 1024K, 1 young (1024K), 0 survivors (0K)
 Metaspace       used 14344K, committed 14592K, reserved 1114112K
  class space    used 1562K, committed 1664K, reserved 1048576K
}
Event: 234.084 GC heap after
{Heap after GC invocations=426 (full 6):
 garbage-first heap   total 71680K, used 19543K [0x00000000e0000000, 0x0000000100000000)
  region size 1024K, 0 young (0K), 0 survivors (0K)
 Metaspace       used 14344K, committed 14592K, reserved 1114112K
  class space    used 1562K, committed 1664K, reserved 1048576K
}
Event: 234.238 GC heap before
{Heap before GC invocations=426 (full 6):
 garbage-first heap   total 71680K, used 19543K [0x00000000e0000000, 0x0000000100000000)
  region size 1024K, 1 young (1024K), 0 survivors (0K)
 Metaspace       used 14344K, committed 14592K, reserved 1114112K
  class space    used 1562K, committed 1664K, reserved 1048576K
}
Event: 234.250 GC heap after
{Heap after GC invocations=427 (full 7):
 garbage-first heap   total 71680K, used 19543K [0x00000000e0000000, 0x0000000100000000)
  region size 1024K, 0 young (0K), 0 survivors (0K)
 Metaspace       used 14344K, committed 14592K, reserved 1114112K
  class space    used 1562K, committed 1664K, reserved 1048576K
}
Event: 234.806 GC heap before
{Heap before GC invocations=427 (full 7):
 garbage-first heap   total 71680K, used 19543K [0x00000000e0000000, 0x0000000100000000)
  region size 1024K, 1 young (1024K), 0 survivors (0K)
 Metaspace       used 14344K, committed 14592K, reserved 1114112K
  class space    used 1562K, committed 1664K, reserved 1048576K
}
Event: 234.818 GC heap after
{Heap after GC invocations=428 (full 8):
 garbage-first heap   total 71680K, used 19543K [0x00000000e0000000, 0x0000000100000000)
  region size 1024K, 0 young (0K), 0 survivors (0K)
 Metaspace       used 14344K, committed 14592K, reserved 1114112K
  class space    used 1562K, committed 1664K, reserved 1048576K
}

