# JRE version: OpenJDK Runtime Environment (Red_Hat-17.0.7.0.7-4.fc38) (17.0.7+7) (build 17.0.7+7)
# Java VM: OpenJDK 64-Bit Server VM (Red_Hat-17.0.7.0.7-4.fc38) (17.0.7+7, mixed mode, sharing, tiered, compressed oops, compressed class ptrs, g1 gc, linux-amd64)
GC Precious Log:
 CPUs: 16 total, 16 available
 Memory: 15649M
 Large Page Support: Disabled
 NUMA Support: Disabled
 Compressed Oops: Enabled (32-bit)
 Heap Region Size: 1M
 Heap Min Capacity: 8M
 Heap Initial Capacity: 246M
 Heap Max Capacity: 512M
 Pre-touch: Disabled
 Parallel Workers: 13
 Concurrent Workers: 3
 Concurrent Refinement Workers: 13
 Periodic GC: Disabled
Heap:
 garbage-first heap   total 238592K, used 103009K [0x00000000e0000000, 0x0000000100000000)
  region size 1024K, 41 young (41984K), 1 survivors (1024K)
 Metaspace       used 14324K, committed 14464K, reserved 1114112K
  class space    used 1562K, committed 1664K, reserved 1048576K
GC Heap History (20 events):
Event: 28.777 GC heap before
{Heap before GC invocations=216 (full 3):
 garbage-first heap   total 238592K, used 197217K [0x00000000e0000000, 0x0000000100000000)
  region size 1024K, 94 young (96256K), 1 survivors (1024K)
 Metaspace       used 14315K, committed 14464K, reserved 1114112K
  class space    used 1562K, committed 1664K, reserved 1048576K
}
Event: 28.778 GC heap after
{Heap after GC invocations=217 (full 3):
 garbage-first heap   total 238592K, used 33377K [0x00000000e0000000, 0x0000000100000000)
  region size 1024K, 1 young (1024K), 1 survivors (1024K)
 Metaspace       used 14315K, committed 14464K, reserved 1114112K
  class space    used 1562K, committed 1664K, reserved 1048576K
}
Event: 28.889 GC heap before
{Heap before GC invocations=217 (full 3):
 garbage-first heap   total 238592K, used 197217K [0x00000000e0000000, 0x0000000100000000)
  region size 1024K, 94 young (96256K), 1 survivors (1024K)
 Metaspace       used 14315K, committed 14464K, reserved 1114112K
  class space    used 1562K, committed 1664K, reserved 1048576K
}
Event: 28.889 GC heap after
{Heap after GC invocations=218 (full 3):
 garbage-first heap   total 238592K, used 33375K [0x00000000e0000000, 0x0000000100000000)
  region size 1024K, 1 young (1024K), 1 survivors (1024K)
 Metaspace       used 14315K, committed 14464K, reserved 1114112K
  class space    used 1562K, committed 1664K, reserved 1048576K
}
Event: 29.000 GC heap before
{Heap before GC invocations=218 (full 3):
 garbage-first heap   total 238592K, used 197215K [0x00000000e0000000, 0x0000000100000000)
  region size 1024K, 94 young (96256K), 1 survivors (1024K)
 Metaspace       used 14315K, committed 14464K, reserved 1114112K
  class space    used 1562K, committed 1664K, reserved 1048576K
}
Event: 29.001 GC heap after
{Heap after GC invocations=219 (full 3):
 garbage-first heap   total 238592K, used 33375K [0x00000000e0000000, 0x0000000100000000)
  region size 1024K, 1 young (1024K), 1 survivors (1024K)
 Metaspace       used 14315K, committed 14464K, reserved 1114112K
  class space    used 1562K, committed 1664K, reserved 1048576K
}
Event: 29.264 GC heap before
{Heap before GC invocations=219 (full 3):
 garbage-first heap   total 238592K, used 197215K [0x00000000e0000000, 0x0000000100000000)
  region size 1024K, 94 young (96256K), 1 survivors (1024K)
 Metaspace       used 14315K, committed 14464K, reserved 1114112K
  class space    used 1562K, committed 1664K, reserved 1048576K
}
Event: 29.265 GC heap after
{Heap after GC invocations=220 (full 3):
 garbage-first heap   total 238592K, used 33377K [0x00000000e0000000, 0x0000000100000000)
  region size 1024K, 1 young (1024K), 1 survivors (1024K)
 Metaspace       used 14315K, committed 14464K, reserved 1114112K
  class space    used 1562K, committed 1664K, reserved 1048576K
}
Event: 29.359 GC heap before
{Heap before GC invocations=220 (full 3):
 garbage-first heap   total 238592K, used 197217K [0x00000000e0000000, 0x0000000100000000)
  region size 1024K, 94 young (96256K), 1 survivors (1024K)
 Metaspace       used 14315K, committed 14464K, reserved 1114112K
  class space    used 1562K, committed 1664K, reserved 1048576K
}
Event: 29.361 GC heap after
{Heap after GC invocations=221 (full 3):
 garbage-first heap   total 238592K, used 33375K [0x00000000e0000000, 0x0000000100000000)
  region size 1024K, 1 young (1024K), 1 survivors (1024K)
 Metaspace       used 14315K, committed 14464K, reserved 1114112K
  class space    used 1562K, committed 1664K, reserved 1048576K
}
Event: 29.470 GC heap before
{Heap before GC invocations=221 (full 3):
 garbage-first heap   total 238592K, used 197215K [0x00000000e0000000, 0x0000000100000000)
  region size 1024K, 94 young (96256K), 1 survivors (1024K)
 Metaspace       used 14315K, committed 14464K, reserved 1114112K
  class space    used 1562K, committed 1664K, reserved 1048576K
}
Event: 29.470 GC heap after
{Heap after GC invocations=222 (full 3):
 garbage-first heap   total 238592K, used 33377K [0x00000000e0000000, 0x0000000100000000)
  region size 1024K, 1 young (1024K), 1 survivors (1024K)
 Metaspace       used 14315K, committed 14464K, reserved 1114112K
  class space    used 1562K, committed 1664K, reserved 1048576K
}
Event: 29.592 GC heap before
{Heap before GC invocations=222 (full 3):
 garbage-first heap   total 238592K, used 197217K [0x00000000e0000000, 0x0000000100000000)
  region size 1024K, 94 young (96256K), 1 survivors (1024K)
 Metaspace       used 14315K, committed 14464K, reserved 1114112K
  class space    used 1562K, committed 1664K, reserved 1048576K
}
Event: 29.593 GC heap after
{Heap after GC invocations=223 (full 3):
 garbage-first heap   total 238592K, used 33377K [0x00000000e0000000, 0x0000000100000000)
  region size 1024K, 1 young (1024K), 1 survivors (1024K)
 Metaspace       used 14315K, committed 14464K, reserved 1114112K
  class space    used 1562K, committed 1664K, reserved 1048576K
}
Event: 29.687 GC heap before
{Heap before GC invocations=223 (full 3):
 garbage-first heap   total 238592K, used 197217K [0x00000000e0000000, 0x0000000100000000)
  region size 1024K, 94 young (96256K), 1 survivors (1024K)
 Metaspace       used 14315K, committed 14464K, reserved 1114112K
  class space    used 1562K, committed 1664K, reserved 1048576K
}
Event: 29.688 GC heap after
{Heap after GC invocations=224 (full 3):
 garbage-first heap   total 238592K, used 33377K [0x00000000e0000000, 0x0000000100000000)
  region size 1024K, 1 young (1024K), 1 survivors (1024K)
 Metaspace       used 14315K, committed 14464K, reserved 1114112K
  class space    used 1562K, committed 1664K, reserved 1048576K
}
Event: 29.785 GC heap before
{Heap before GC invocations=224 (full 3):
 garbage-first heap   total 238592K, used 197217K [0x00000000e0000000, 0x0000000100000000)
  region size 1024K, 94 young (96256K), 1 survivors (1024K)
 Metaspace       used 14315K, committed 14464K, reserved 1114112K
  class space    used 1562K, committed 1664K, reserved 1048576K
}
Event: 29.786 GC heap after
{Heap after GC invocations=225 (full 3):
 garbage-first heap   total 238592K, used 33375K [0x00000000e0000000, 0x0000000100000000)
  region size 1024K, 1 young (1024K), 1 survivors (1024K)
 Metaspace       used 14315K, committed 14464K, reserved 1114112K
  class space    used 1562K, committed 1664K, reserved 1048576K
}
Event: 29.901 GC heap before
{Heap before GC invocations=225 (full 3):
 garbage-first heap   total 238592K, used 197215K [0x00000000e0000000, 0x0000000100000000)
  region size 1024K, 94 young (96256K), 1 survivors (1024K)
 Metaspace       used 14315K, committed 14464K, reserved 1114112K
  class space    used 1562K, committed 1664K, reserved 1048576K
}
Event: 29.902 GC heap after
{Heap after GC invocations=226 (full 3):
 garbage-first heap   total 238592K, used 33377K [0x00000000e0000000, 0x0000000100000000)
  region size 1024K, 1 young (1024K), 1 survivors (1024K)
 Metaspace       used 14315K, committed 14464K, reserved 1114112K
  class space    used 1562K, committed 1664K, reserved 1048576K
}

