# JRE version: OpenJDK Runtime Environment (Red_Hat-17.0.7.0.7-4.fc38) (17.0.7+7) (build 17.0.7+7)
# Java VM: OpenJDK 64-Bit Server VM (Red_Hat-17.0.7.0.7-4.fc38) (17.0.7+7, mixed mode, sharing, tiered, compressed oops, compressed class ptrs, g1 gc, linux-amd64)
GC Precious Log:
 CPUs: 16 total, 16 available
 Memory: 15649M
 Large Page Support: Disabled
 NUMA Support: Disabled
 Compressed Oops: Enabled (32-bit)
 Heap Region Size: 1M
 Heap Min Capacity: 8M
 Heap Initial Capacity: 246M
 Heap Max Capacity: 512M
 Pre-touch: Disabled
 Parallel Workers: 13
 Concurrent Workers: 3
 Concurrent Refinement Workers: 13
 Periodic GC: Disabled
Heap:
 garbage-first heap   total 71680K, used 19550K [0x00000000e0000000, 0x0000000100000000)
  region size 1024K, 1 young (1024K), 0 survivors (0K)
 Metaspace       used 14323K, committed 14464K, reserved 1114112K
  class space    used 1562K, committed 1664K, reserved 1048576K
GC Heap History (20 events):
Event: 41.899 GC heap before
{Heap before GC invocations=880 (full 4):
 garbage-first heap   total 123904K, used 72224K [0x00000000e0000000, 0x0000000100000000)
  region size 1024K, 24 young (24576K), 1 survivors (1024K)
 Metaspace       used 14314K, committed 14464K, reserved 1114112K
  class space    used 1562K, committed 1664K, reserved 1048576K
}
Event: 41.900 GC heap after
{Heap after GC invocations=881 (full 4):
 garbage-first heap   total 123904K, used 33312K [0x00000000e0000000, 0x0000000100000000)
  region size 1024K, 1 young (1024K), 1 survivors (1024K)
 Metaspace       used 14314K, committed 14464K, reserved 1114112K
  class space    used 1562K, committed 1664K, reserved 1048576K
}
Event: 41.947 GC heap before
{Heap before GC invocations=881 (full 4):
 garbage-first heap   total 123904K, used 72224K [0x00000000e0000000, 0x0000000100000000)
  region size 1024K, 24 young (24576K), 1 survivors (1024K)
 Metaspace       used 14314K, committed 14464K, reserved 1114112K
  class space    used 1562K, committed 1664K, reserved 1048576K
}
Event: 41.948 GC heap after
{Heap after GC invocations=882 (full 4):
 garbage-first heap   total 123904K, used 33312K [0x00000000e0000000, 0x0000000100000000)
  region size 1024K, 1 young (1024K), 1 survivors (1024K)
 Metaspace       used 14314K, committed 14464K, reserved 1114112K
  class space    used 1562K, committed 1664K, reserved 1048576K
}
Event: 41.990 GC heap before
{Heap before GC invocations=882 (full 4):
 garbage-first heap   total 123904K, used 72224K [0x00000000e0000000, 0x0000000100000000)
  region size 1024K, 24 young (24576K), 1 survivors (1024K)
 Metaspace       used 14314K, committed 14464K, reserved 1114112K
  class space    used 1562K, committed 1664K, reserved 1048576K
}
Event: 41.991 GC heap after
{Heap after GC invocations=883 (full 4):
 garbage-first heap   total 123904K, used 33312K [0x00000000e0000000, 0x0000000100000000)
  region size 1024K, 1 young (1024K), 1 survivors (1024K)
 Metaspace       used 14314K, committed 14464K, reserved 1114112K
  class space    used 1562K, committed 1664K, reserved 1048576K
}
Event: 42.032 GC heap before
{Heap before GC invocations=883 (full 4):
 garbage-first heap   total 123904K, used 72224K [0x00000000e0000000, 0x0000000100000000)
  region size 1024K, 24 young (24576K), 1 survivors (1024K)
 Metaspace       used 14314K, committed 14464K, reserved 1114112K
  class space    used 1562K, committed 1664K, reserved 1048576K
}
Event: 42.033 GC heap after
{Heap after GC invocations=884 (full 4):
 garbage-first heap   total 123904K, used 33312K [0x00000000e0000000, 0x0000000100000000)
  region size 1024K, 1 young (1024K), 1 survivors (1024K)
 Metaspace       used 14314K, committed 14464K, reserved 1114112K
  class space    used 1562K, committed 1664K, reserved 1048576K
}
Event: 131.792 GC heap before
{Heap before GC invocations=884 (full 4):
 garbage-first heap   total 123904K, used 36384K [0x00000000e0000000, 0x0000000100000000)
  region size 1024K, 4 young (4096K), 1 survivors (1024K)
 Metaspace       used 14323K, committed 14464K, reserved 1114112K
  class space    used 1562K, committed 1664K, reserved 1048576K
}
Event: 131.909 GC heap after
{Heap after GC invocations=885 (full 5):
 garbage-first heap   total 71680K, used 19550K [0x00000000e0000000, 0x0000000100000000)
  region size 1024K, 0 young (0K), 0 survivors (0K)
 Metaspace       used 14323K, committed 14464K, reserved 1114112K
  class space    used 1562K, committed 1664K, reserved 1048576K
}
Event: 131.978 GC heap before
{Heap before GC invocations=885 (full 5):
 garbage-first heap   total 71680K, used 19550K [0x00000000e0000000, 0x0000000100000000)
  region size 1024K, 1 young (1024K), 0 survivors (0K)
 Metaspace       used 14323K, committed 14464K, reserved 1114112K
  class space    used 1562K, committed 1664K, reserved 1048576K
}
Event: 131.994 GC heap after
{Heap after GC invocations=886 (full 6):
 garbage-first heap   total 71680K, used 19550K [0x00000000e0000000, 0x0000000100000000)
  region size 1024K, 0 young (0K), 0 survivors (0K)
 Metaspace       used 14323K, committed 14464K, reserved 1114112K
  class space    used 1562K, committed 1664K, reserved 1048576K
}
Event: 132.058 GC heap before
{Heap before GC invocations=886 (full 6):
 garbage-first heap   total 71680K, used 19550K [0x00000000e0000000, 0x0000000100000000)
  region size 1024K, 1 young (1024K), 0 survivors (0K)
 Metaspace       used 14323K, committed 14464K, reserved 1114112K
  class space    used 1562K, committed 1664K, reserved 1048576K
}
Event: 132.069 GC heap after
{Heap after GC invocations=887 (full 7):
 garbage-first heap   total 71680K, used 19550K [0x00000000e0000000, 0x0000000100000000)
  region size 1024K, 0 young (0K), 0 survivors (0K)
 Metaspace       used 14323K, committed 14464K, reserved 1114112K
  class space    used 1562K, committed 1664K, reserved 1048576K
}
Event: 132.358 GC heap before
{Heap before GC invocations=887 (full 7):
 garbage-first heap   total 71680K, used 19550K [0x00000000e0000000, 0x0000000100000000)
  region size 1024K, 1 young (1024K), 0 survivors (0K)
 Metaspace       used 14323K, committed 14464K, reserved 1114112K
  class space    used 1562K, committed 1664K, reserved 1048576K
}
Event: 132.370 GC heap after
{Heap after GC invocations=888 (full 8):
 garbage-first heap   total 71680K, used 19550K [0x00000000e0000000, 0x0000000100000000)
  region size 1024K, 0 young (0K), 0 survivors (0K)
 Metaspace       used 14323K, committed 14464K, reserved 1114112K
  class space    used 1562K, committed 1664K, reserved 1048576K
}
Event: 132.498 GC heap before
{Heap before GC invocations=888 (full 8):
 garbage-first heap   total 71680K, used 19550K [0x00000000e0000000, 0x0000000100000000)
  region size 1024K, 1 young (1024K), 0 survivors (0K)
 Metaspace       used 14323K, committed 14464K, reserved 1114112K
  class space    used 1562K, committed 1664K, reserved 1048576K
}
Event: 132.509 GC heap after
{Heap after GC invocations=889 (full 9):
 garbage-first heap   total 71680K, used 19550K [0x00000000e0000000, 0x0000000100000000)
  region size 1024K, 0 young (0K), 0 survivors (0K)
 Metaspace       used 14323K, committed 14464K, reserved 1114112K
  class space    used 1562K, committed 1664K, reserved 1048576K
}
Event: 133.016 GC heap before
{Heap before GC invocations=889 (full 9):
 garbage-first heap   total 71680K, used 19550K [0x00000000e0000000, 0x0000000100000000)
  region size 1024K, 1 young (1024K), 0 survivors (0K)
 Metaspace       used 14323K, committed 14464K, reserved 1114112K
  class space    used 1562K, committed 1664K, reserved 1048576K
}
Event: 133.035 GC heap after
{Heap after GC invocations=890 (full 10):
 garbage-first heap   total 71680K, used 19550K [0x00000000e0000000, 0x0000000100000000)
  region size 1024K, 0 young (0K), 0 survivors (0K)
 Metaspace       used 14323K, committed 14464K, reserved 1114112K
  class space    used 1562K, committed 1664K, reserved 1048576K
}

