# JRE version: OpenJDK Runtime Environment (Red_Hat-17.0.7.0.7-4.fc38) (17.0.7+7) (build 17.0.7+7)
# Java VM: OpenJDK 64-Bit Server VM (Red_Hat-17.0.7.0.7-4.fc38) (17.0.7+7, mixed mode, sharing, tiered, compressed oops, compressed class ptrs, g1 gc, linux-amd64)
GC Precious Log:
 CPUs: 16 total, 16 available
 Memory: 15649M
 Large Page Support: Disabled
 NUMA Support: Disabled
 Compressed Oops: Enabled (32-bit)
 Heap Region Size: 1M
 Heap Min Capacity: 8M
 Heap Initial Capacity: 246M
 Heap Max Capacity: 512M
 Pre-touch: Disabled
 Parallel Workers: 13
 Concurrent Workers: 3
 Concurrent Refinement Workers: 13
 Periodic GC: Disabled
Heap:
 garbage-first heap   total 68608K, used 18727K [0x00000000e0000000, 0x0000000100000000)
  region size 1024K, 1 young (1024K), 0 survivors (0K)
 Metaspace       used 14312K, committed 14464K, reserved 1114112K
  class space    used 1559K, committed 1664K, reserved 1048576K
GC Heap History (20 events):
Event: 39.764 GC heap before
{Heap before GC invocations=686 (full 4):
 garbage-first heap   total 109568K, used 62338K [0x00000000e0000000, 0x0000000100000000)
  region size 1024K, 20 young (20480K), 1 survivors (1024K)
 Metaspace       used 14314K, committed 14464K, reserved 1114112K
  class space    used 1562K, committed 1664K, reserved 1048576K
}
Event: 39.765 GC heap after
{Heap after GC invocations=687 (full 4):
 garbage-first heap   total 109568K, used 30594K [0x00000000e0000000, 0x0000000100000000)
  region size 1024K, 1 young (1024K), 1 survivors (1024K)
 Metaspace       used 14314K, committed 14464K, reserved 1114112K
  class space    used 1562K, committed 1664K, reserved 1048576K
}
Event: 39.825 GC heap before
{Heap before GC invocations=687 (full 4):
 garbage-first heap   total 109568K, used 62338K [0x00000000e0000000, 0x0000000100000000)
  region size 1024K, 20 young (20480K), 1 survivors (1024K)
 Metaspace       used 14314K, committed 14464K, reserved 1114112K
  class space    used 1562K, committed 1664K, reserved 1048576K
}
Event: 39.826 GC heap after
{Heap after GC invocations=688 (full 4):
 garbage-first heap   total 109568K, used 30594K [0x00000000e0000000, 0x0000000100000000)
  region size 1024K, 1 young (1024K), 1 survivors (1024K)
 Metaspace       used 14314K, committed 14464K, reserved 1114112K
  class space    used 1562K, committed 1664K, reserved 1048576K
}
Event: 39.872 GC heap before
{Heap before GC invocations=688 (full 4):
 garbage-first heap   total 109568K, used 62338K [0x00000000e0000000, 0x0000000100000000)
  region size 1024K, 20 young (20480K), 1 survivors (1024K)
 Metaspace       used 14314K, committed 14464K, reserved 1114112K
  class space    used 1562K, committed 1664K, reserved 1048576K
}
Event: 39.873 GC heap after
{Heap after GC invocations=689 (full 4):
 garbage-first heap   total 109568K, used 30594K [0x00000000e0000000, 0x0000000100000000)
  region size 1024K, 1 young (1024K), 1 survivors (1024K)
 Metaspace       used 14314K, committed 14464K, reserved 1114112K
  class space    used 1562K, committed 1664K, reserved 1048576K
}
Event: 39.914 GC heap before
{Heap before GC invocations=689 (full 4):
 garbage-first heap   total 109568K, used 62338K [0x00000000e0000000, 0x0000000100000000)
  region size 1024K, 20 young (20480K), 1 survivors (1024K)
 Metaspace       used 14314K, committed 14464K, reserved 1114112K
  class space    used 1562K, committed 1664K, reserved 1048576K
}
Event: 39.915 GC heap after
{Heap after GC invocations=690 (full 4):
 garbage-first heap   total 109568K, used 30594K [0x00000000e0000000, 0x0000000100000000)
  region size 1024K, 1 young (1024K), 1 survivors (1024K)
 Metaspace       used 14314K, committed 14464K, reserved 1114112K
  class space    used 1562K, committed 1664K, reserved 1048576K
}
Event: 39.957 GC heap before
{Heap before GC invocations=690 (full 4):
 garbage-first heap   total 109568K, used 62338K [0x00000000e0000000, 0x0000000100000000)
  region size 1024K, 20 young (20480K), 1 survivors (1024K)
 Metaspace       used 14314K, committed 14464K, reserved 1114112K
  class space    used 1562K, committed 1664K, reserved 1048576K
}
Event: 39.958 GC heap after
{Heap after GC invocations=691 (full 4):
 garbage-first heap   total 109568K, used 30594K [0x00000000e0000000, 0x0000000100000000)
  region size 1024K, 1 young (1024K), 1 survivors (1024K)
 Metaspace       used 14314K, committed 14464K, reserved 1114112K
  class space    used 1562K, committed 1664K, reserved 1048576K
}
Event: 40.000 GC heap before
{Heap before GC invocations=691 (full 4):
 garbage-first heap   total 109568K, used 62338K [0x00000000e0000000, 0x0000000100000000)
  region size 1024K, 20 young (20480K), 1 survivors (1024K)
 Metaspace       used 14314K, committed 14464K, reserved 1114112K
  class space    used 1562K, committed 1664K, reserved 1048576K
}
Event: 40.001 GC heap after
{Heap after GC invocations=692 (full 4):
 garbage-first heap   total 109568K, used 30594K [0x00000000e0000000, 0x0000000100000000)
  region size 1024K, 1 young (1024K), 1 survivors (1024K)
 Metaspace       used 14314K, committed 14464K, reserved 1114112K
  class space    used 1562K, committed 1664K, reserved 1048576K
}
Event: 40.041 GC heap before
{Heap before GC invocations=692 (full 4):
 garbage-first heap   total 109568K, used 62338K [0x00000000e0000000, 0x0000000100000000)
  region size 1024K, 20 young (20480K), 1 survivors (1024K)
 Metaspace       used 14314K, committed 14464K, reserved 1114112K
  class space    used 1562K, committed 1664K, reserved 1048576K
}
Event: 40.042 GC heap after
{Heap after GC invocations=693 (full 4):
 garbage-first heap   total 109568K, used 30594K [0x00000000e0000000, 0x0000000100000000)
  region size 1024K, 1 young (1024K), 1 survivors (1024K)
 Metaspace       used 14314K, committed 14464K, reserved 1114112K
  class space    used 1562K, committed 1664K, reserved 1048576K
}
Event: 710.811 GC heap before
{Heap before GC invocations=693 (full 4):
 garbage-first heap   total 109568K, used 60290K [0x00000000e0000000, 0x0000000100000000)
  region size 1024K, 19 young (19456K), 1 survivors (1024K)
 Metaspace       used 14324K, committed 14464K, reserved 1114112K
  class space    used 1562K, committed 1664K, reserved 1048576K
}
Event: 710.919 GC heap after
{Heap after GC invocations=694 (full 5):
 garbage-first heap   total 71680K, used 19545K [0x00000000e0000000, 0x0000000100000000)
  region size 1024K, 0 young (0K), 0 survivors (0K)
 Metaspace       used 14324K, committed 14464K, reserved 1114112K
  class space    used 1562K, committed 1664K, reserved 1048576K
}
Event: 710.995 GC heap before
{Heap before GC invocations=694 (full 5):
 garbage-first heap   total 71680K, used 19545K [0x00000000e0000000, 0x0000000100000000)
  region size 1024K, 1 young (1024K), 0 survivors (0K)
 Metaspace       used 14324K, committed 14464K, reserved 1114112K
  class space    used 1562K, committed 1664K, reserved 1048576K
}
Event: 711.066 GC heap after
{Heap after GC invocations=695 (full 6):
 garbage-first heap   total 71680K, used 18727K [0x00000000e0000000, 0x0000000100000000)
  region size 1024K, 0 young (0K), 0 survivors (0K)
 Metaspace       used 14312K, committed 14464K, reserved 1114112K
  class space    used 1559K, committed 1664K, reserved 1048576K
}
Event: 711.357 GC heap before
{Heap before GC invocations=695 (full 6):
 garbage-first heap   total 71680K, used 18727K [0x00000000e0000000, 0x0000000100000000)
  region size 1024K, 1 young (1024K), 0 survivors (0K)
 Metaspace       used 14312K, committed 14464K, reserved 1114112K
  class space    used 1559K, committed 1664K, reserved 1048576K
}
Event: 711.368 GC heap after
{Heap after GC invocations=696 (full 7):
 garbage-first heap   total 68608K, used 18727K [0x00000000e0000000, 0x0000000100000000)
  region size 1024K, 0 young (0K), 0 survivors (0K)
 Metaspace       used 14312K, committed 14464K, reserved 1114112K
  class space    used 1559K, committed 1664K, reserved 1048576K
}

